Copyright 1986-2020 Xilinx, Inc. All Rights Reserved.
------------------------------------------------------------------------------------------------
| Tool Version : Vivado v.2020.2 (win64) Build 3064766 Wed Nov 18 09:12:45 MST 2020
| Date         : Mon Feb  5 08:21:54 2024
| Host         : An-Nguyen running 64-bit major release  (build 9200)
| Command      : report_drc -file CAM_drc_opted.rpt -pb CAM_drc_opted.pb -rpx CAM_drc_opted.rpx
| Design       : CAM
| Device       : xc7z020clg484-1
| Speed File   : -1
| Design State : Synthesized
------------------------------------------------------------------------------------------------

Report DRC

Table of Contents
-----------------
1. REPORT SUMMARY
2. REPORT DETAILS

1. REPORT SUMMARY
-----------------
            Netlist: netlist
          Floorplan: design_1
      Design limits: <entire design considered>
           Ruledeck: default
             Max violations: <unlimited>
             Violations found: 23
+--------+------------------+----------------------------+------------+
| Rule   | Severity         | Description                | Violations |
+--------+------------------+----------------------------+------------+
| NSTD-1 | Critical Warning | Unspecified I/O Standard   | 1          |
| UCIO-1 | Critical Warning | Unconstrained Logical Port | 1          |
| IOSR-1 | Warning          | IOB set reset sharing      | 20         |
| ZPS7-1 | Warning          | PS7 block required         | 1          |
+--------+------------------+----------------------------+------------+

2. REPORT DETAILS
-----------------
NSTD-1#1 Critical Warning
Unspecified I/O Standard  
37 out of 37 logical ports use I/O standard (IOSTANDARD) value 'DEFAULT', instead of a user assigned specific value. This may cause I/O contention or incompatibility with the board power or connectivity affecting performance, signal integrity or in extreme cases cause damage to the device or the components to which it is connected. To correct this violation, specify all I/O standards. This design will fail to generate a bitstream unless all logical ports have a user specified I/O standard value defined. To allow bitstream creation with unspecified I/O standard values (not recommended), use this command: set_property SEVERITY {Warning} [get_drc_checks NSTD-1].  NOTE: When using the Vivado Runs infrastructure (e.g. launch_runs Tcl command), add this command to a .tcl file and add that file as a pre-hook for write_bitstream step for the implementation run. Problem ports: clk, en, maddr[5:0], mfound, pattern[19:0], rst_n, we, wr_addr[5:0].
Related violations: <none>

UCIO-1#1 Critical Warning
Unconstrained Logical Port  
37 out of 37 logical ports have no user assigned specific location constraint (LOC). This may cause I/O contention or incompatibility with the board power or connectivity affecting performance, signal integrity or in extreme cases cause damage to the device or the components to which it is connected. To correct this violation, specify all pin locations. This design will fail to generate a bitstream unless all logical ports have a user specified site LOC constraint defined.  To allow bitstream creation with unspecified pin locations (not recommended), use this command: set_property SEVERITY {Warning} [get_drc_checks UCIO-1].  NOTE: When using the Vivado Runs infrastructure (e.g. launch_runs Tcl command), add this command to a .tcl file and add that file as a pre-hook for write_bitstream step for the implementation run.  Problem ports: clk, en, maddr[5:0], mfound, pattern[19:0], rst_n, we, wr_addr[5:0].
Related violations: <none>

IOSR-1#1 Warning
IOB set reset sharing  
IO pattern[0] connects to flops which have these ram[0][19]_i_1_n_0, ram[10][19]_i_1_n_0, ram[12][19]_i_1_n_0,
ram[14][19]_i_1_n_0, ram[15][19]_i_1_n_0, ram[16][19]_i_1_n_0,
ram[18][19]_i_1_n_0, ram[20][19]_i_1_n_0, ram[22][19]_i_1_n_0,
ram[23][19]_i_1_n_0, ram[24][19]_i_1_n_0, ram[26][19]_i_1_n_0,
ram[27][19]_i_1_n_0, ram[28][19]_i_1_n_0, ram[29][19]_i_1_n_0
 (the first 15 of 48 listed) set/reset signals.  For optimal IOB flop packing there should be only one set/reset signal coming into the IOB.
Related violations: <none>

IOSR-1#2 Warning
IOB set reset sharing  
IO pattern[10] connects to flops which have these ram[0][19]_i_1_n_0, ram[10][19]_i_1_n_0, ram[11][19]_i_1_n_0,
ram[12][19]_i_1_n_0, ram[13][19]_i_1_n_0, ram[15][19]_i_1_n_0,
ram[16][19]_i_1_n_0, ram[18][19]_i_1_n_0, ram[20][19]_i_1_n_0,
ram[21][19]_i_1_n_0, ram[22][19]_i_1_n_0, ram[23][19]_i_1_n_0,
ram[25][19]_i_1_n_0, ram[26][19]_i_1_n_0, ram[27][19]_i_1_n_0
 (the first 15 of 64 listed) set/reset signals.  For optimal IOB flop packing there should be only one set/reset signal coming into the IOB.
Related violations: <none>

IOSR-1#3 Warning
IOB set reset sharing  
IO pattern[11] connects to flops which have these ram[0][19]_i_1_n_0, ram[10][19]_i_1_n_0, ram[11][19]_i_1_n_0,
ram[12][19]_i_1_n_0, ram[13][19]_i_1_n_0, ram[15][19]_i_1_n_0,
ram[16][19]_i_1_n_0, ram[18][19]_i_1_n_0, ram[20][19]_i_1_n_0,
ram[21][19]_i_1_n_0, ram[22][19]_i_1_n_0, ram[23][19]_i_1_n_0,
ram[25][19]_i_1_n_0, ram[26][19]_i_1_n_0, ram[27][19]_i_1_n_0
 (the first 15 of 64 listed) set/reset signals.  For optimal IOB flop packing there should be only one set/reset signal coming into the IOB.
Related violations: <none>

IOSR-1#4 Warning
IOB set reset sharing  
IO pattern[12] connects to flops which have these ram[0][19]_i_1_n_0, ram[10][19]_i_1_n_0, ram[11][19]_i_1_n_0,
ram[12][19]_i_1_n_0, ram[13][19]_i_1_n_0, ram[15][19]_i_1_n_0,
ram[16][19]_i_1_n_0, ram[18][19]_i_1_n_0, ram[20][19]_i_1_n_0,
ram[21][19]_i_1_n_0, ram[22][19]_i_1_n_0, ram[23][19]_i_1_n_0,
ram[25][19]_i_1_n_0, ram[26][19]_i_1_n_0, ram[27][19]_i_1_n_0
 (the first 15 of 64 listed) set/reset signals.  For optimal IOB flop packing there should be only one set/reset signal coming into the IOB.
Related violations: <none>

IOSR-1#5 Warning
IOB set reset sharing  
IO pattern[13] connects to flops which have these ram[0][19]_i_1_n_0, ram[10][19]_i_1_n_0, ram[11][19]_i_1_n_0,
ram[12][19]_i_1_n_0, ram[13][19]_i_1_n_0, ram[15][19]_i_1_n_0,
ram[16][19]_i_1_n_0, ram[18][19]_i_1_n_0, ram[20][19]_i_1_n_0,
ram[21][19]_i_1_n_0, ram[22][19]_i_1_n_0, ram[23][19]_i_1_n_0,
ram[25][19]_i_1_n_0, ram[26][19]_i_1_n_0, ram[27][19]_i_1_n_0
 (the first 15 of 64 listed) set/reset signals.  For optimal IOB flop packing there should be only one set/reset signal coming into the IOB.
Related violations: <none>

IOSR-1#6 Warning
IOB set reset sharing  
IO pattern[14] connects to flops which have these ram[0][19]_i_1_n_0, ram[10][19]_i_1_n_0, ram[11][19]_i_1_n_0,
ram[12][19]_i_1_n_0, ram[13][19]_i_1_n_0, ram[15][19]_i_1_n_0,
ram[16][19]_i_1_n_0, ram[18][19]_i_1_n_0, ram[20][19]_i_1_n_0,
ram[21][19]_i_1_n_0, ram[22][19]_i_1_n_0, ram[23][19]_i_1_n_0,
ram[25][19]_i_1_n_0, ram[26][19]_i_1_n_0, ram[27][19]_i_1_n_0
 (the first 15 of 64 listed) set/reset signals.  For optimal IOB flop packing there should be only one set/reset signal coming into the IOB.
Related violations: <none>

IOSR-1#7 Warning
IOB set reset sharing  
IO pattern[15] connects to flops which have these ram[0][19]_i_1_n_0, ram[10][19]_i_1_n_0, ram[11][19]_i_1_n_0,
ram[12][19]_i_1_n_0, ram[13][19]_i_1_n_0, ram[15][19]_i_1_n_0,
ram[16][19]_i_1_n_0, ram[18][19]_i_1_n_0, ram[20][19]_i_1_n_0,
ram[21][19]_i_1_n_0, ram[22][19]_i_1_n_0, ram[23][19]_i_1_n_0,
ram[25][19]_i_1_n_0, ram[26][19]_i_1_n_0, ram[27][19]_i_1_n_0
 (the first 15 of 64 listed) set/reset signals.  For optimal IOB flop packing there should be only one set/reset signal coming into the IOB.
Related violations: <none>

IOSR-1#8 Warning
IOB set reset sharing  
IO pattern[16] connects to flops which have these ram[0][19]_i_1_n_0, ram[10][19]_i_1_n_0, ram[11][19]_i_1_n_0,
ram[12][19]_i_1_n_0, ram[13][19]_i_1_n_0, ram[15][19]_i_1_n_0,
ram[16][19]_i_1_n_0, ram[18][19]_i_1_n_0, ram[20][19]_i_1_n_0,
ram[21][19]_i_1_n_0, ram[22][19]_i_1_n_0, ram[23][19]_i_1_n_0,
ram[25][19]_i_1_n_0, ram[26][19]_i_1_n_0, ram[27][19]_i_1_n_0
 (the first 15 of 64 listed) set/reset signals.  For optimal IOB flop packing there should be only one set/reset signal coming into the IOB.
Related violations: <none>

IOSR-1#9 Warning
IOB set reset sharing  
IO pattern[17] connects to flops which have these ram[0][19]_i_1_n_0, ram[10][19]_i_1_n_0, ram[11][19]_i_1_n_0,
ram[12][19]_i_1_n_0, ram[13][19]_i_1_n_0, ram[15][19]_i_1_n_0,
ram[16][19]_i_1_n_0, ram[18][19]_i_1_n_0, ram[20][19]_i_1_n_0,
ram[21][19]_i_1_n_0, ram[22][19]_i_1_n_0, ram[23][19]_i_1_n_0,
ram[25][19]_i_1_n_0, ram[26][19]_i_1_n_0, ram[27][19]_i_1_n_0
 (the first 15 of 64 listed) set/reset signals.  For optimal IOB flop packing there should be only one set/reset signal coming into the IOB.
Related violations: <none>

IOSR-1#10 Warning
IOB set reset sharing  
IO pattern[18] connects to flops which have these ram[0][19]_i_1_n_0, ram[10][19]_i_1_n_0, ram[11][19]_i_1_n_0,
ram[12][19]_i_1_n_0, ram[13][19]_i_1_n_0, ram[15][19]_i_1_n_0,
ram[16][19]_i_1_n_0, ram[18][19]_i_1_n_0, ram[20][19]_i_1_n_0,
ram[21][19]_i_1_n_0, ram[22][19]_i_1_n_0, ram[23][19]_i_1_n_0,
ram[25][19]_i_1_n_0, ram[26][19]_i_1_n_0, ram[27][19]_i_1_n_0
 (the first 15 of 64 listed) set/reset signals.  For optimal IOB flop packing there should be only one set/reset signal coming into the IOB.
Related violations: <none>

IOSR-1#11 Warning
IOB set reset sharing  
IO pattern[19] connects to flops which have these ram[0][19]_i_1_n_0, ram[10][19]_i_1_n_0, ram[11][19]_i_1_n_0,
ram[12][19]_i_1_n_0, ram[13][19]_i_1_n_0, ram[15][19]_i_1_n_0,
ram[16][19]_i_1_n_0, ram[18][19]_i_1_n_0, ram[20][19]_i_1_n_0,
ram[21][19]_i_1_n_0, ram[22][19]_i_1_n_0, ram[23][19]_i_1_n_0,
ram[25][19]_i_1_n_0, ram[26][19]_i_1_n_0, ram[27][19]_i_1_n_0
 (the first 15 of 64 listed) set/reset signals.  For optimal IOB flop packing there should be only one set/reset signal coming into the IOB.
Related violations: <none>

IOSR-1#12 Warning
IOB set reset sharing  
IO pattern[1] connects to flops which have these ram[0][19]_i_1_n_0, ram[12][19]_i_1_n_0, ram[13][19]_i_1_n_0,
ram[15][19]_i_1_n_0, ram[16][19]_i_1_n_0, ram[17][19]_i_1_n_0,
ram[1][19]_i_1_n_0, ram[20][19]_i_1_n_0, ram[21][19]_i_1_n_0,
ram[23][19]_i_1_n_0, ram[24][19]_i_1_n_0, ram[25][19]_i_1_n_0,
ram[27][19]_i_1_n_0, ram[28][19]_i_1_n_0, ram[29][19]_i_1_n_0
 (the first 15 of 48 listed) set/reset signals.  For optimal IOB flop packing there should be only one set/reset signal coming into the IOB.
Related violations: <none>

IOSR-1#13 Warning
IOB set reset sharing  
IO pattern[2] connects to flops which have these ram[0][19]_i_1_n_0, ram[10][19]_i_1_n_0, ram[11][19]_i_1_n_0,
ram[15][19]_i_1_n_0, ram[16][19]_i_1_n_0, ram[17][19]_i_1_n_0,
ram[18][19]_i_1_n_0, ram[19][19]_i_1_n_0, ram[1][19]_i_1_n_0,
ram[23][19]_i_1_n_0, ram[24][19]_i_1_n_0, ram[25][19]_i_1_n_0,
ram[26][19]_i_1_n_0, ram[27][19]_i_1_n_0, ram[29][19]_i_1_n_0
 (the first 15 of 48 listed) set/reset signals.  For optimal IOB flop packing there should be only one set/reset signal coming into the IOB.
Related violations: <none>

IOSR-1#14 Warning
IOB set reset sharing  
IO pattern[3] connects to flops which have these ram[0][19]_i_1_n_0, ram[15][19]_i_1_n_0, ram[16][19]_i_1_n_0,
ram[17][19]_i_1_n_0, ram[18][19]_i_1_n_0, ram[19][19]_i_1_n_0,
ram[1][19]_i_1_n_0, ram[20][19]_i_1_n_0, ram[21][19]_i_1_n_0,
ram[22][19]_i_1_n_0, ram[23][19]_i_1_n_0, ram[27][19]_i_1_n_0,
ram[29][19]_i_1_n_0, ram[2][19]_i_1_n_0, ram[32][19]_i_1_n_0
 (the first 15 of 48 listed) set/reset signals.  For optimal IOB flop packing there should be only one set/reset signal coming into the IOB.
Related violations: <none>

IOSR-1#15 Warning
IOB set reset sharing  
IO pattern[4] connects to flops which have these ram[0][19]_i_1_n_0, ram[10][19]_i_1_n_0, ram[11][19]_i_1_n_0,
ram[12][19]_i_1_n_0, ram[13][19]_i_1_n_0, ram[14][19]_i_1_n_0,
ram[15][19]_i_1_n_0, ram[1][19]_i_1_n_0, ram[23][19]_i_1_n_0,
ram[27][19]_i_1_n_0, ram[29][19]_i_1_n_0, ram[2][19]_i_1_n_0,
ram[32][19]_i_1_n_0, ram[33][19]_i_1_n_0, ram[34][19]_i_1_n_0
 (the first 15 of 48 listed) set/reset signals.  For optimal IOB flop packing there should be only one set/reset signal coming into the IOB.
Related violations: <none>

IOSR-1#16 Warning
IOB set reset sharing  
IO pattern[5] connects to flops which have these ram[0][19]_i_1_n_0, ram[10][19]_i_1_n_0, ram[11][19]_i_1_n_0,
ram[12][19]_i_1_n_0, ram[13][19]_i_1_n_0, ram[15][19]_i_1_n_0,
ram[16][19]_i_1_n_0, ram[18][19]_i_1_n_0, ram[20][19]_i_1_n_0,
ram[21][19]_i_1_n_0, ram[22][19]_i_1_n_0, ram[23][19]_i_1_n_0,
ram[25][19]_i_1_n_0, ram[26][19]_i_1_n_0, ram[27][19]_i_1_n_0
 (the first 15 of 48 listed) set/reset signals.  For optimal IOB flop packing there should be only one set/reset signal coming into the IOB.
Related violations: <none>

IOSR-1#17 Warning
IOB set reset sharing  
IO pattern[6] connects to flops which have these ram[0][19]_i_1_n_0, ram[10][19]_i_1_n_0, ram[11][19]_i_1_n_0,
ram[12][19]_i_1_n_0, ram[13][19]_i_1_n_0, ram[15][19]_i_1_n_0,
ram[16][19]_i_1_n_0, ram[18][19]_i_1_n_0, ram[20][19]_i_1_n_0,
ram[21][19]_i_1_n_0, ram[22][19]_i_1_n_0, ram[23][19]_i_1_n_0,
ram[25][19]_i_1_n_0, ram[26][19]_i_1_n_0, ram[27][19]_i_1_n_0
 (the first 15 of 64 listed) set/reset signals.  For optimal IOB flop packing there should be only one set/reset signal coming into the IOB.
Related violations: <none>

IOSR-1#18 Warning
IOB set reset sharing  
IO pattern[7] connects to flops which have these ram[0][19]_i_1_n_0, ram[10][19]_i_1_n_0, ram[11][19]_i_1_n_0,
ram[12][19]_i_1_n_0, ram[13][19]_i_1_n_0, ram[15][19]_i_1_n_0,
ram[16][19]_i_1_n_0, ram[18][19]_i_1_n_0, ram[20][19]_i_1_n_0,
ram[21][19]_i_1_n_0, ram[22][19]_i_1_n_0, ram[23][19]_i_1_n_0,
ram[25][19]_i_1_n_0, ram[26][19]_i_1_n_0, ram[27][19]_i_1_n_0
 (the first 15 of 64 listed) set/reset signals.  For optimal IOB flop packing there should be only one set/reset signal coming into the IOB.
Related violations: <none>

IOSR-1#19 Warning
IOB set reset sharing  
IO pattern[8] connects to flops which have these ram[0][19]_i_1_n_0, ram[10][19]_i_1_n_0, ram[11][19]_i_1_n_0,
ram[12][19]_i_1_n_0, ram[13][19]_i_1_n_0, ram[15][19]_i_1_n_0,
ram[16][19]_i_1_n_0, ram[18][19]_i_1_n_0, ram[20][19]_i_1_n_0,
ram[21][19]_i_1_n_0, ram[22][19]_i_1_n_0, ram[23][19]_i_1_n_0,
ram[25][19]_i_1_n_0, ram[26][19]_i_1_n_0, ram[27][19]_i_1_n_0
 (the first 15 of 64 listed) set/reset signals.  For optimal IOB flop packing there should be only one set/reset signal coming into the IOB.
Related violations: <none>

IOSR-1#20 Warning
IOB set reset sharing  
IO pattern[9] connects to flops which have these ram[0][19]_i_1_n_0, ram[10][19]_i_1_n_0, ram[11][19]_i_1_n_0,
ram[12][19]_i_1_n_0, ram[13][19]_i_1_n_0, ram[15][19]_i_1_n_0,
ram[16][19]_i_1_n_0, ram[18][19]_i_1_n_0, ram[20][19]_i_1_n_0,
ram[21][19]_i_1_n_0, ram[22][19]_i_1_n_0, ram[23][19]_i_1_n_0,
ram[25][19]_i_1_n_0, ram[26][19]_i_1_n_0, ram[27][19]_i_1_n_0
 (the first 15 of 64 listed) set/reset signals.  For optimal IOB flop packing there should be only one set/reset signal coming into the IOB.
Related violations: <none>

ZPS7-1#1 Warning
PS7 block required  
The PS7 cell must be used in this Zynq design in order to enable correct default configuration.
Related violations: <none>


