Copyright 1986-2020 Xilinx, Inc. All Rights Reserved.
-----------------------------------------------------------------------------------------------------------------------------------------------------------------------------------------
| Tool Version : Vivado v.2020.2 (win64) Build 3064766 Wed Nov 18 09:12:45 MST 2020
| Date         : Sun Feb  4 10:13:34 2024
| Host         : An-Nguyen running 64-bit major release  (build 9200)
| Command      : report_methodology -file Memory_Protection_methodology_drc_routed.rpt -pb Memory_Protection_methodology_drc_routed.pb -rpx Memory_Protection_methodology_drc_routed.rpx
| Design       : Memory_Protection
| Device       : xc7z020clg484-1
| Speed File   : -1
| Design State : Fully Routed
-----------------------------------------------------------------------------------------------------------------------------------------------------------------------------------------

Report Methodology

Table of Contents
-----------------
1. REPORT SUMMARY
2. REPORT DETAILS

1. REPORT SUMMARY
-----------------
            Netlist: netlist
          Floorplan: design_1
      Design limits: <entire design considered>
             Max violations: <unlimited>
             Violations found: 161
+-----------+------------------+-----------------------------+------------+
| Rule      | Severity         | Description                 | Violations |
+-----------+------------------+-----------------------------+------------+
| TIMING-17 | Critical Warning | Non-clocked sequential cell | 161        |
+-----------+------------------+-----------------------------+------------+

2. REPORT DETAILS
-----------------
TIMING-17#1 Critical Warning
Non-clocked sequential cell  
The clock pin two_level_mem/RAM_L1/RAM_reg/CLKARDCLK is not reached by a timing clock
Related violations: <none>

TIMING-17#2 Critical Warning
Non-clocked sequential cell  
The clock pin two_level_mem/RAM_L2/RAM_reg_0_0/CLKARDCLK is not reached by a timing clock
Related violations: <none>

TIMING-17#3 Critical Warning
Non-clocked sequential cell  
The clock pin two_level_mem/RAM_L2/RAM_reg_0_1/CLKARDCLK is not reached by a timing clock
Related violations: <none>

TIMING-17#4 Critical Warning
Non-clocked sequential cell  
The clock pin two_level_mem/RAM_L2/RAM_reg_0_2/CLKARDCLK is not reached by a timing clock
Related violations: <none>

TIMING-17#5 Critical Warning
Non-clocked sequential cell  
The clock pin two_level_mem/RAM_L2/RAM_reg_0_3/CLKARDCLK is not reached by a timing clock
Related violations: <none>

TIMING-17#6 Critical Warning
Non-clocked sequential cell  
The clock pin two_level_mem/RAM_L2/RAM_reg_10_0/CLKARDCLK is not reached by a timing clock
Related violations: <none>

TIMING-17#7 Critical Warning
Non-clocked sequential cell  
The clock pin two_level_mem/RAM_L2/RAM_reg_10_1/CLKARDCLK is not reached by a timing clock
Related violations: <none>

TIMING-17#8 Critical Warning
Non-clocked sequential cell  
The clock pin two_level_mem/RAM_L2/RAM_reg_10_2/CLKARDCLK is not reached by a timing clock
Related violations: <none>

TIMING-17#9 Critical Warning
Non-clocked sequential cell  
The clock pin two_level_mem/RAM_L2/RAM_reg_10_3/CLKARDCLK is not reached by a timing clock
Related violations: <none>

TIMING-17#10 Critical Warning
Non-clocked sequential cell  
The clock pin two_level_mem/RAM_L2/RAM_reg_11_0/CLKARDCLK is not reached by a timing clock
Related violations: <none>

TIMING-17#11 Critical Warning
Non-clocked sequential cell  
The clock pin two_level_mem/RAM_L2/RAM_reg_11_1/CLKARDCLK is not reached by a timing clock
Related violations: <none>

TIMING-17#12 Critical Warning
Non-clocked sequential cell  
The clock pin two_level_mem/RAM_L2/RAM_reg_11_2/CLKARDCLK is not reached by a timing clock
Related violations: <none>

TIMING-17#13 Critical Warning
Non-clocked sequential cell  
The clock pin two_level_mem/RAM_L2/RAM_reg_11_3/CLKARDCLK is not reached by a timing clock
Related violations: <none>

TIMING-17#14 Critical Warning
Non-clocked sequential cell  
The clock pin two_level_mem/RAM_L2/RAM_reg_12_0/CLKARDCLK is not reached by a timing clock
Related violations: <none>

TIMING-17#15 Critical Warning
Non-clocked sequential cell  
The clock pin two_level_mem/RAM_L2/RAM_reg_12_1/CLKARDCLK is not reached by a timing clock
Related violations: <none>

TIMING-17#16 Critical Warning
Non-clocked sequential cell  
The clock pin two_level_mem/RAM_L2/RAM_reg_12_2/CLKARDCLK is not reached by a timing clock
Related violations: <none>

TIMING-17#17 Critical Warning
Non-clocked sequential cell  
The clock pin two_level_mem/RAM_L2/RAM_reg_12_3/CLKARDCLK is not reached by a timing clock
Related violations: <none>

TIMING-17#18 Critical Warning
Non-clocked sequential cell  
The clock pin two_level_mem/RAM_L2/RAM_reg_13_0/CLKARDCLK is not reached by a timing clock
Related violations: <none>

TIMING-17#19 Critical Warning
Non-clocked sequential cell  
The clock pin two_level_mem/RAM_L2/RAM_reg_13_1/CLKARDCLK is not reached by a timing clock
Related violations: <none>

TIMING-17#20 Critical Warning
Non-clocked sequential cell  
The clock pin two_level_mem/RAM_L2/RAM_reg_13_2/CLKARDCLK is not reached by a timing clock
Related violations: <none>

TIMING-17#21 Critical Warning
Non-clocked sequential cell  
The clock pin two_level_mem/RAM_L2/RAM_reg_13_3/CLKARDCLK is not reached by a timing clock
Related violations: <none>

TIMING-17#22 Critical Warning
Non-clocked sequential cell  
The clock pin two_level_mem/RAM_L2/RAM_reg_14_0/CLKARDCLK is not reached by a timing clock
Related violations: <none>

TIMING-17#23 Critical Warning
Non-clocked sequential cell  
The clock pin two_level_mem/RAM_L2/RAM_reg_14_1/CLKARDCLK is not reached by a timing clock
Related violations: <none>

TIMING-17#24 Critical Warning
Non-clocked sequential cell  
The clock pin two_level_mem/RAM_L2/RAM_reg_14_2/CLKARDCLK is not reached by a timing clock
Related violations: <none>

TIMING-17#25 Critical Warning
Non-clocked sequential cell  
The clock pin two_level_mem/RAM_L2/RAM_reg_14_3/CLKARDCLK is not reached by a timing clock
Related violations: <none>

TIMING-17#26 Critical Warning
Non-clocked sequential cell  
The clock pin two_level_mem/RAM_L2/RAM_reg_15_0/CLKARDCLK is not reached by a timing clock
Related violations: <none>

TIMING-17#27 Critical Warning
Non-clocked sequential cell  
The clock pin two_level_mem/RAM_L2/RAM_reg_15_1/CLKARDCLK is not reached by a timing clock
Related violations: <none>

TIMING-17#28 Critical Warning
Non-clocked sequential cell  
The clock pin two_level_mem/RAM_L2/RAM_reg_15_2/CLKARDCLK is not reached by a timing clock
Related violations: <none>

TIMING-17#29 Critical Warning
Non-clocked sequential cell  
The clock pin two_level_mem/RAM_L2/RAM_reg_15_3/CLKARDCLK is not reached by a timing clock
Related violations: <none>

TIMING-17#30 Critical Warning
Non-clocked sequential cell  
The clock pin two_level_mem/RAM_L2/RAM_reg_16_0/CLKARDCLK is not reached by a timing clock
Related violations: <none>

TIMING-17#31 Critical Warning
Non-clocked sequential cell  
The clock pin two_level_mem/RAM_L2/RAM_reg_16_1/CLKARDCLK is not reached by a timing clock
Related violations: <none>

TIMING-17#32 Critical Warning
Non-clocked sequential cell  
The clock pin two_level_mem/RAM_L2/RAM_reg_16_2/CLKARDCLK is not reached by a timing clock
Related violations: <none>

TIMING-17#33 Critical Warning
Non-clocked sequential cell  
The clock pin two_level_mem/RAM_L2/RAM_reg_16_3/CLKARDCLK is not reached by a timing clock
Related violations: <none>

TIMING-17#34 Critical Warning
Non-clocked sequential cell  
The clock pin two_level_mem/RAM_L2/RAM_reg_17_0/CLKARDCLK is not reached by a timing clock
Related violations: <none>

TIMING-17#35 Critical Warning
Non-clocked sequential cell  
The clock pin two_level_mem/RAM_L2/RAM_reg_17_1/CLKARDCLK is not reached by a timing clock
Related violations: <none>

TIMING-17#36 Critical Warning
Non-clocked sequential cell  
The clock pin two_level_mem/RAM_L2/RAM_reg_17_2/CLKARDCLK is not reached by a timing clock
Related violations: <none>

TIMING-17#37 Critical Warning
Non-clocked sequential cell  
The clock pin two_level_mem/RAM_L2/RAM_reg_17_3/CLKARDCLK is not reached by a timing clock
Related violations: <none>

TIMING-17#38 Critical Warning
Non-clocked sequential cell  
The clock pin two_level_mem/RAM_L2/RAM_reg_18_0/CLKARDCLK is not reached by a timing clock
Related violations: <none>

TIMING-17#39 Critical Warning
Non-clocked sequential cell  
The clock pin two_level_mem/RAM_L2/RAM_reg_18_1/CLKARDCLK is not reached by a timing clock
Related violations: <none>

TIMING-17#40 Critical Warning
Non-clocked sequential cell  
The clock pin two_level_mem/RAM_L2/RAM_reg_18_2/CLKARDCLK is not reached by a timing clock
Related violations: <none>

TIMING-17#41 Critical Warning
Non-clocked sequential cell  
The clock pin two_level_mem/RAM_L2/RAM_reg_18_3/CLKARDCLK is not reached by a timing clock
Related violations: <none>

TIMING-17#42 Critical Warning
Non-clocked sequential cell  
The clock pin two_level_mem/RAM_L2/RAM_reg_19_0/CLKARDCLK is not reached by a timing clock
Related violations: <none>

TIMING-17#43 Critical Warning
Non-clocked sequential cell  
The clock pin two_level_mem/RAM_L2/RAM_reg_19_1/CLKARDCLK is not reached by a timing clock
Related violations: <none>

TIMING-17#44 Critical Warning
Non-clocked sequential cell  
The clock pin two_level_mem/RAM_L2/RAM_reg_19_2/CLKARDCLK is not reached by a timing clock
Related violations: <none>

TIMING-17#45 Critical Warning
Non-clocked sequential cell  
The clock pin two_level_mem/RAM_L2/RAM_reg_19_3/CLKARDCLK is not reached by a timing clock
Related violations: <none>

TIMING-17#46 Critical Warning
Non-clocked sequential cell  
The clock pin two_level_mem/RAM_L2/RAM_reg_1_0/CLKARDCLK is not reached by a timing clock
Related violations: <none>

TIMING-17#47 Critical Warning
Non-clocked sequential cell  
The clock pin two_level_mem/RAM_L2/RAM_reg_1_1/CLKARDCLK is not reached by a timing clock
Related violations: <none>

TIMING-17#48 Critical Warning
Non-clocked sequential cell  
The clock pin two_level_mem/RAM_L2/RAM_reg_1_2/CLKARDCLK is not reached by a timing clock
Related violations: <none>

TIMING-17#49 Critical Warning
Non-clocked sequential cell  
The clock pin two_level_mem/RAM_L2/RAM_reg_1_3/CLKARDCLK is not reached by a timing clock
Related violations: <none>

TIMING-17#50 Critical Warning
Non-clocked sequential cell  
The clock pin two_level_mem/RAM_L2/RAM_reg_20_0/CLKARDCLK is not reached by a timing clock
Related violations: <none>

TIMING-17#51 Critical Warning
Non-clocked sequential cell  
The clock pin two_level_mem/RAM_L2/RAM_reg_20_1/CLKARDCLK is not reached by a timing clock
Related violations: <none>

TIMING-17#52 Critical Warning
Non-clocked sequential cell  
The clock pin two_level_mem/RAM_L2/RAM_reg_20_2/CLKARDCLK is not reached by a timing clock
Related violations: <none>

TIMING-17#53 Critical Warning
Non-clocked sequential cell  
The clock pin two_level_mem/RAM_L2/RAM_reg_20_3/CLKARDCLK is not reached by a timing clock
Related violations: <none>

TIMING-17#54 Critical Warning
Non-clocked sequential cell  
The clock pin two_level_mem/RAM_L2/RAM_reg_21_0/CLKARDCLK is not reached by a timing clock
Related violations: <none>

TIMING-17#55 Critical Warning
Non-clocked sequential cell  
The clock pin two_level_mem/RAM_L2/RAM_reg_21_1/CLKARDCLK is not reached by a timing clock
Related violations: <none>

TIMING-17#56 Critical Warning
Non-clocked sequential cell  
The clock pin two_level_mem/RAM_L2/RAM_reg_21_2/CLKARDCLK is not reached by a timing clock
Related violations: <none>

TIMING-17#57 Critical Warning
Non-clocked sequential cell  
The clock pin two_level_mem/RAM_L2/RAM_reg_21_3/CLKARDCLK is not reached by a timing clock
Related violations: <none>

TIMING-17#58 Critical Warning
Non-clocked sequential cell  
The clock pin two_level_mem/RAM_L2/RAM_reg_22_0/CLKARDCLK is not reached by a timing clock
Related violations: <none>

TIMING-17#59 Critical Warning
Non-clocked sequential cell  
The clock pin two_level_mem/RAM_L2/RAM_reg_22_1/CLKARDCLK is not reached by a timing clock
Related violations: <none>

TIMING-17#60 Critical Warning
Non-clocked sequential cell  
The clock pin two_level_mem/RAM_L2/RAM_reg_22_2/CLKARDCLK is not reached by a timing clock
Related violations: <none>

TIMING-17#61 Critical Warning
Non-clocked sequential cell  
The clock pin two_level_mem/RAM_L2/RAM_reg_22_3/CLKARDCLK is not reached by a timing clock
Related violations: <none>

TIMING-17#62 Critical Warning
Non-clocked sequential cell  
The clock pin two_level_mem/RAM_L2/RAM_reg_23_0/CLKARDCLK is not reached by a timing clock
Related violations: <none>

TIMING-17#63 Critical Warning
Non-clocked sequential cell  
The clock pin two_level_mem/RAM_L2/RAM_reg_23_1/CLKARDCLK is not reached by a timing clock
Related violations: <none>

TIMING-17#64 Critical Warning
Non-clocked sequential cell  
The clock pin two_level_mem/RAM_L2/RAM_reg_23_2/CLKARDCLK is not reached by a timing clock
Related violations: <none>

TIMING-17#65 Critical Warning
Non-clocked sequential cell  
The clock pin two_level_mem/RAM_L2/RAM_reg_23_3/CLKARDCLK is not reached by a timing clock
Related violations: <none>

TIMING-17#66 Critical Warning
Non-clocked sequential cell  
The clock pin two_level_mem/RAM_L2/RAM_reg_24_0/CLKARDCLK is not reached by a timing clock
Related violations: <none>

TIMING-17#67 Critical Warning
Non-clocked sequential cell  
The clock pin two_level_mem/RAM_L2/RAM_reg_24_1/CLKARDCLK is not reached by a timing clock
Related violations: <none>

TIMING-17#68 Critical Warning
Non-clocked sequential cell  
The clock pin two_level_mem/RAM_L2/RAM_reg_24_2/CLKARDCLK is not reached by a timing clock
Related violations: <none>

TIMING-17#69 Critical Warning
Non-clocked sequential cell  
The clock pin two_level_mem/RAM_L2/RAM_reg_24_3/CLKARDCLK is not reached by a timing clock
Related violations: <none>

TIMING-17#70 Critical Warning
Non-clocked sequential cell  
The clock pin two_level_mem/RAM_L2/RAM_reg_25_0/CLKARDCLK is not reached by a timing clock
Related violations: <none>

TIMING-17#71 Critical Warning
Non-clocked sequential cell  
The clock pin two_level_mem/RAM_L2/RAM_reg_25_1/CLKARDCLK is not reached by a timing clock
Related violations: <none>

TIMING-17#72 Critical Warning
Non-clocked sequential cell  
The clock pin two_level_mem/RAM_L2/RAM_reg_25_2/CLKARDCLK is not reached by a timing clock
Related violations: <none>

TIMING-17#73 Critical Warning
Non-clocked sequential cell  
The clock pin two_level_mem/RAM_L2/RAM_reg_25_3/CLKARDCLK is not reached by a timing clock
Related violations: <none>

TIMING-17#74 Critical Warning
Non-clocked sequential cell  
The clock pin two_level_mem/RAM_L2/RAM_reg_26_0/CLKARDCLK is not reached by a timing clock
Related violations: <none>

TIMING-17#75 Critical Warning
Non-clocked sequential cell  
The clock pin two_level_mem/RAM_L2/RAM_reg_26_1/CLKARDCLK is not reached by a timing clock
Related violations: <none>

TIMING-17#76 Critical Warning
Non-clocked sequential cell  
The clock pin two_level_mem/RAM_L2/RAM_reg_26_2/CLKARDCLK is not reached by a timing clock
Related violations: <none>

TIMING-17#77 Critical Warning
Non-clocked sequential cell  
The clock pin two_level_mem/RAM_L2/RAM_reg_26_3/CLKARDCLK is not reached by a timing clock
Related violations: <none>

TIMING-17#78 Critical Warning
Non-clocked sequential cell  
The clock pin two_level_mem/RAM_L2/RAM_reg_27_0/CLKARDCLK is not reached by a timing clock
Related violations: <none>

TIMING-17#79 Critical Warning
Non-clocked sequential cell  
The clock pin two_level_mem/RAM_L2/RAM_reg_27_1/CLKARDCLK is not reached by a timing clock
Related violations: <none>

TIMING-17#80 Critical Warning
Non-clocked sequential cell  
The clock pin two_level_mem/RAM_L2/RAM_reg_27_2/CLKARDCLK is not reached by a timing clock
Related violations: <none>

TIMING-17#81 Critical Warning
Non-clocked sequential cell  
The clock pin two_level_mem/RAM_L2/RAM_reg_27_3/CLKARDCLK is not reached by a timing clock
Related violations: <none>

TIMING-17#82 Critical Warning
Non-clocked sequential cell  
The clock pin two_level_mem/RAM_L2/RAM_reg_28_0/CLKARDCLK is not reached by a timing clock
Related violations: <none>

TIMING-17#83 Critical Warning
Non-clocked sequential cell  
The clock pin two_level_mem/RAM_L2/RAM_reg_28_1/CLKARDCLK is not reached by a timing clock
Related violations: <none>

TIMING-17#84 Critical Warning
Non-clocked sequential cell  
The clock pin two_level_mem/RAM_L2/RAM_reg_28_2/CLKARDCLK is not reached by a timing clock
Related violations: <none>

TIMING-17#85 Critical Warning
Non-clocked sequential cell  
The clock pin two_level_mem/RAM_L2/RAM_reg_28_3/CLKARDCLK is not reached by a timing clock
Related violations: <none>

TIMING-17#86 Critical Warning
Non-clocked sequential cell  
The clock pin two_level_mem/RAM_L2/RAM_reg_29_0/CLKARDCLK is not reached by a timing clock
Related violations: <none>

TIMING-17#87 Critical Warning
Non-clocked sequential cell  
The clock pin two_level_mem/RAM_L2/RAM_reg_29_1/CLKARDCLK is not reached by a timing clock
Related violations: <none>

TIMING-17#88 Critical Warning
Non-clocked sequential cell  
The clock pin two_level_mem/RAM_L2/RAM_reg_29_2/CLKARDCLK is not reached by a timing clock
Related violations: <none>

TIMING-17#89 Critical Warning
Non-clocked sequential cell  
The clock pin two_level_mem/RAM_L2/RAM_reg_29_3/CLKARDCLK is not reached by a timing clock
Related violations: <none>

TIMING-17#90 Critical Warning
Non-clocked sequential cell  
The clock pin two_level_mem/RAM_L2/RAM_reg_2_0/CLKARDCLK is not reached by a timing clock
Related violations: <none>

TIMING-17#91 Critical Warning
Non-clocked sequential cell  
The clock pin two_level_mem/RAM_L2/RAM_reg_2_1/CLKARDCLK is not reached by a timing clock
Related violations: <none>

TIMING-17#92 Critical Warning
Non-clocked sequential cell  
The clock pin two_level_mem/RAM_L2/RAM_reg_2_2/CLKARDCLK is not reached by a timing clock
Related violations: <none>

TIMING-17#93 Critical Warning
Non-clocked sequential cell  
The clock pin two_level_mem/RAM_L2/RAM_reg_2_3/CLKARDCLK is not reached by a timing clock
Related violations: <none>

TIMING-17#94 Critical Warning
Non-clocked sequential cell  
The clock pin two_level_mem/RAM_L2/RAM_reg_30_0/CLKARDCLK is not reached by a timing clock
Related violations: <none>

TIMING-17#95 Critical Warning
Non-clocked sequential cell  
The clock pin two_level_mem/RAM_L2/RAM_reg_30_1/CLKARDCLK is not reached by a timing clock
Related violations: <none>

TIMING-17#96 Critical Warning
Non-clocked sequential cell  
The clock pin two_level_mem/RAM_L2/RAM_reg_30_2/CLKARDCLK is not reached by a timing clock
Related violations: <none>

TIMING-17#97 Critical Warning
Non-clocked sequential cell  
The clock pin two_level_mem/RAM_L2/RAM_reg_30_3/CLKARDCLK is not reached by a timing clock
Related violations: <none>

TIMING-17#98 Critical Warning
Non-clocked sequential cell  
The clock pin two_level_mem/RAM_L2/RAM_reg_31_0/CLKARDCLK is not reached by a timing clock
Related violations: <none>

TIMING-17#99 Critical Warning
Non-clocked sequential cell  
The clock pin two_level_mem/RAM_L2/RAM_reg_31_1/CLKARDCLK is not reached by a timing clock
Related violations: <none>

TIMING-17#100 Critical Warning
Non-clocked sequential cell  
The clock pin two_level_mem/RAM_L2/RAM_reg_31_2/CLKARDCLK is not reached by a timing clock
Related violations: <none>

TIMING-17#101 Critical Warning
Non-clocked sequential cell  
The clock pin two_level_mem/RAM_L2/RAM_reg_31_3/CLKARDCLK is not reached by a timing clock
Related violations: <none>

TIMING-17#102 Critical Warning
Non-clocked sequential cell  
The clock pin two_level_mem/RAM_L2/RAM_reg_3_0/CLKARDCLK is not reached by a timing clock
Related violations: <none>

TIMING-17#103 Critical Warning
Non-clocked sequential cell  
The clock pin two_level_mem/RAM_L2/RAM_reg_3_1/CLKARDCLK is not reached by a timing clock
Related violations: <none>

TIMING-17#104 Critical Warning
Non-clocked sequential cell  
The clock pin two_level_mem/RAM_L2/RAM_reg_3_2/CLKARDCLK is not reached by a timing clock
Related violations: <none>

TIMING-17#105 Critical Warning
Non-clocked sequential cell  
The clock pin two_level_mem/RAM_L2/RAM_reg_3_3/CLKARDCLK is not reached by a timing clock
Related violations: <none>

TIMING-17#106 Critical Warning
Non-clocked sequential cell  
The clock pin two_level_mem/RAM_L2/RAM_reg_4_0/CLKARDCLK is not reached by a timing clock
Related violations: <none>

TIMING-17#107 Critical Warning
Non-clocked sequential cell  
The clock pin two_level_mem/RAM_L2/RAM_reg_4_1/CLKARDCLK is not reached by a timing clock
Related violations: <none>

TIMING-17#108 Critical Warning
Non-clocked sequential cell  
The clock pin two_level_mem/RAM_L2/RAM_reg_4_2/CLKARDCLK is not reached by a timing clock
Related violations: <none>

TIMING-17#109 Critical Warning
Non-clocked sequential cell  
The clock pin two_level_mem/RAM_L2/RAM_reg_4_3/CLKARDCLK is not reached by a timing clock
Related violations: <none>

TIMING-17#110 Critical Warning
Non-clocked sequential cell  
The clock pin two_level_mem/RAM_L2/RAM_reg_5_0/CLKARDCLK is not reached by a timing clock
Related violations: <none>

TIMING-17#111 Critical Warning
Non-clocked sequential cell  
The clock pin two_level_mem/RAM_L2/RAM_reg_5_1/CLKARDCLK is not reached by a timing clock
Related violations: <none>

TIMING-17#112 Critical Warning
Non-clocked sequential cell  
The clock pin two_level_mem/RAM_L2/RAM_reg_5_2/CLKARDCLK is not reached by a timing clock
Related violations: <none>

TIMING-17#113 Critical Warning
Non-clocked sequential cell  
The clock pin two_level_mem/RAM_L2/RAM_reg_5_3/CLKARDCLK is not reached by a timing clock
Related violations: <none>

TIMING-17#114 Critical Warning
Non-clocked sequential cell  
The clock pin two_level_mem/RAM_L2/RAM_reg_6_0/CLKARDCLK is not reached by a timing clock
Related violations: <none>

TIMING-17#115 Critical Warning
Non-clocked sequential cell  
The clock pin two_level_mem/RAM_L2/RAM_reg_6_1/CLKARDCLK is not reached by a timing clock
Related violations: <none>

TIMING-17#116 Critical Warning
Non-clocked sequential cell  
The clock pin two_level_mem/RAM_L2/RAM_reg_6_2/CLKARDCLK is not reached by a timing clock
Related violations: <none>

TIMING-17#117 Critical Warning
Non-clocked sequential cell  
The clock pin two_level_mem/RAM_L2/RAM_reg_6_3/CLKARDCLK is not reached by a timing clock
Related violations: <none>

TIMING-17#118 Critical Warning
Non-clocked sequential cell  
The clock pin two_level_mem/RAM_L2/RAM_reg_7_0/CLKARDCLK is not reached by a timing clock
Related violations: <none>

TIMING-17#119 Critical Warning
Non-clocked sequential cell  
The clock pin two_level_mem/RAM_L2/RAM_reg_7_1/CLKARDCLK is not reached by a timing clock
Related violations: <none>

TIMING-17#120 Critical Warning
Non-clocked sequential cell  
The clock pin two_level_mem/RAM_L2/RAM_reg_7_2/CLKARDCLK is not reached by a timing clock
Related violations: <none>

TIMING-17#121 Critical Warning
Non-clocked sequential cell  
The clock pin two_level_mem/RAM_L2/RAM_reg_7_3/CLKARDCLK is not reached by a timing clock
Related violations: <none>

TIMING-17#122 Critical Warning
Non-clocked sequential cell  
The clock pin two_level_mem/RAM_L2/RAM_reg_8_0/CLKARDCLK is not reached by a timing clock
Related violations: <none>

TIMING-17#123 Critical Warning
Non-clocked sequential cell  
The clock pin two_level_mem/RAM_L2/RAM_reg_8_1/CLKARDCLK is not reached by a timing clock
Related violations: <none>

TIMING-17#124 Critical Warning
Non-clocked sequential cell  
The clock pin two_level_mem/RAM_L2/RAM_reg_8_2/CLKARDCLK is not reached by a timing clock
Related violations: <none>

TIMING-17#125 Critical Warning
Non-clocked sequential cell  
The clock pin two_level_mem/RAM_L2/RAM_reg_8_3/CLKARDCLK is not reached by a timing clock
Related violations: <none>

TIMING-17#126 Critical Warning
Non-clocked sequential cell  
The clock pin two_level_mem/RAM_L2/RAM_reg_9_0/CLKARDCLK is not reached by a timing clock
Related violations: <none>

TIMING-17#127 Critical Warning
Non-clocked sequential cell  
The clock pin two_level_mem/RAM_L2/RAM_reg_9_1/CLKARDCLK is not reached by a timing clock
Related violations: <none>

TIMING-17#128 Critical Warning
Non-clocked sequential cell  
The clock pin two_level_mem/RAM_L2/RAM_reg_9_2/CLKARDCLK is not reached by a timing clock
Related violations: <none>

TIMING-17#129 Critical Warning
Non-clocked sequential cell  
The clock pin two_level_mem/RAM_L2/RAM_reg_9_3/CLKARDCLK is not reached by a timing clock
Related violations: <none>

TIMING-17#130 Critical Warning
Non-clocked sequential cell  
The clock pin two_level_mem/RAM_L2/RAM_reg_mux_sel__0/C is not reached by a timing clock
Related violations: <none>

TIMING-17#131 Critical Warning
Non-clocked sequential cell  
The clock pin two_level_mem/RAM_L2/RAM_reg_mux_sel__12/C is not reached by a timing clock
Related violations: <none>

TIMING-17#132 Critical Warning
Non-clocked sequential cell  
The clock pin two_level_mem/RAM_L2/RAM_reg_mux_sel__4/C is not reached by a timing clock
Related violations: <none>

TIMING-17#133 Critical Warning
Non-clocked sequential cell  
The clock pin two_level_mem/RAM_L2/RAM_reg_mux_sel__8/C is not reached by a timing clock
Related violations: <none>

TIMING-17#134 Critical Warning
Non-clocked sequential cell  
The clock pin two_level_mem/latch_access_en_L2_reg/C is not reached by a timing clock
Related violations: <none>

TIMING-17#135 Critical Warning
Non-clocked sequential cell  
The clock pin two_level_mem/latch_config_data_reg[0]_rep/C is not reached by a timing clock
Related violations: <none>

TIMING-17#136 Critical Warning
Non-clocked sequential cell  
The clock pin two_level_mem/latch_config_data_reg[0]_rep__0/C is not reached by a timing clock
Related violations: <none>

TIMING-17#137 Critical Warning
Non-clocked sequential cell  
The clock pin two_level_mem/latch_config_data_reg[0]_rep__1/C is not reached by a timing clock
Related violations: <none>

TIMING-17#138 Critical Warning
Non-clocked sequential cell  
The clock pin two_level_mem/latch_config_data_reg[0]_rep__2/C is not reached by a timing clock
Related violations: <none>

TIMING-17#139 Critical Warning
Non-clocked sequential cell  
The clock pin two_level_mem/latch_config_data_reg[1]_rep/C is not reached by a timing clock
Related violations: <none>

TIMING-17#140 Critical Warning
Non-clocked sequential cell  
The clock pin two_level_mem/latch_config_data_reg[1]_rep__0/C is not reached by a timing clock
Related violations: <none>

TIMING-17#141 Critical Warning
Non-clocked sequential cell  
The clock pin two_level_mem/latch_config_data_reg[1]_rep__1/C is not reached by a timing clock
Related violations: <none>

TIMING-17#142 Critical Warning
Non-clocked sequential cell  
The clock pin two_level_mem/latch_config_data_reg[1]_rep__2/C is not reached by a timing clock
Related violations: <none>

TIMING-17#143 Critical Warning
Non-clocked sequential cell  
The clock pin two_level_mem/latch_config_data_reg[2]_rep/C is not reached by a timing clock
Related violations: <none>

TIMING-17#144 Critical Warning
Non-clocked sequential cell  
The clock pin two_level_mem/latch_config_data_reg[2]_rep__0/C is not reached by a timing clock
Related violations: <none>

TIMING-17#145 Critical Warning
Non-clocked sequential cell  
The clock pin two_level_mem/latch_config_data_reg[2]_rep__1/C is not reached by a timing clock
Related violations: <none>

TIMING-17#146 Critical Warning
Non-clocked sequential cell  
The clock pin two_level_mem/latch_config_data_reg[2]_rep__2/C is not reached by a timing clock
Related violations: <none>

TIMING-17#147 Critical Warning
Non-clocked sequential cell  
The clock pin two_level_mem/latch_config_data_reg[3]_rep/C is not reached by a timing clock
Related violations: <none>

TIMING-17#148 Critical Warning
Non-clocked sequential cell  
The clock pin two_level_mem/latch_config_data_reg[3]_rep__0/C is not reached by a timing clock
Related violations: <none>

TIMING-17#149 Critical Warning
Non-clocked sequential cell  
The clock pin two_level_mem/latch_config_data_reg[3]_rep__1/C is not reached by a timing clock
Related violations: <none>

TIMING-17#150 Critical Warning
Non-clocked sequential cell  
The clock pin two_level_mem/latch_config_data_reg[3]_rep__2/C is not reached by a timing clock
Related violations: <none>

TIMING-17#151 Critical Warning
Non-clocked sequential cell  
The clock pin two_level_mem/latch_config_en_L2_reg/C is not reached by a timing clock
Related violations: <none>

TIMING-17#152 Critical Warning
Non-clocked sequential cell  
The clock pin two_level_mem/latch_vpn_reg[0]/C is not reached by a timing clock
Related violations: <none>

TIMING-17#153 Critical Warning
Non-clocked sequential cell  
The clock pin two_level_mem/latch_vpn_reg[1]/C is not reached by a timing clock
Related violations: <none>

TIMING-17#154 Critical Warning
Non-clocked sequential cell  
The clock pin two_level_mem/latch_vpn_reg[2]/C is not reached by a timing clock
Related violations: <none>

TIMING-17#155 Critical Warning
Non-clocked sequential cell  
The clock pin two_level_mem/latch_vpn_reg[3]/C is not reached by a timing clock
Related violations: <none>

TIMING-17#156 Critical Warning
Non-clocked sequential cell  
The clock pin two_level_mem/latch_vpn_reg[4]/C is not reached by a timing clock
Related violations: <none>

TIMING-17#157 Critical Warning
Non-clocked sequential cell  
The clock pin two_level_mem/latch_vpn_reg[5]/C is not reached by a timing clock
Related violations: <none>

TIMING-17#158 Critical Warning
Non-clocked sequential cell  
The clock pin two_level_mem/latch_vpn_reg[6]/C is not reached by a timing clock
Related violations: <none>

TIMING-17#159 Critical Warning
Non-clocked sequential cell  
The clock pin two_level_mem/latch_vpn_reg[7]/C is not reached by a timing clock
Related violations: <none>

TIMING-17#160 Critical Warning
Non-clocked sequential cell  
The clock pin two_level_mem/latch_vpn_reg[8]/C is not reached by a timing clock
Related violations: <none>

TIMING-17#161 Critical Warning
Non-clocked sequential cell  
The clock pin two_level_mem/latch_vpn_reg[9]/C is not reached by a timing clock
Related violations: <none>


