#-----------------------------------------------------------
# Vivado v2020.2 (64-bit)
# SW Build 3064766 on Wed Nov 18 09:12:45 MST 2020
# IP Build 3064653 on Wed Nov 18 14:17:31 MST 2020
# Start of session at: Thu Feb 15 15:33:36 2024
# Process ID: 15912
# Current directory: D:/MMU/Verilog_Implementation
# Command line: vivado.exe -gui_launcher_event rodinguilauncherevent19464 D:\MMU\Verilog_Implementation\MMU.xpr
# Log file: D:/MMU/Verilog_Implementation/vivado.log
# Journal file: D:/MMU/Verilog_Implementation\vivado.jou
#-----------------------------------------------------------
start_gui
open_project D:/MMU/Verilog_Implementation/MMU.xpr
Scanning sources...
Finished scanning sources
INFO: [IP_Flow 19-234] Refreshing IP repositories
INFO: [IP_Flow 19-1704] No user IP repositories specified
INFO: [IP_Flow 19-2313] Loaded Vivado IP repository 'C:/Xilinx/Vivado/2020.2/data/ip'.
update_compile_order -fileset sources_1
exit
INFO: [Common 17-206] Exiting Vivado at Thu Feb 15 15:34:10 2024...
